<?xml version="1.0" encoding="UTF-8"?>
<!-- Generated by org.testng.reporters.JUnitReportReporter -->
<testsuite hostname="DESKTOP-V6M3FVL" failures="0" tests="1" name="rest.test" time="6.433" errors="0" timestamp="2022-11-10T22:19:41 IST" skipped="0">
  <testcase classname="rest.test" name="getMethod" time="6.433"/>
  <system-out/>
</testsuite> <!-- rest.test -->
